========================================
Lung X-Ray Segmentation
Date: Wed Mar 11 02:45:02 PM EDT 2026
Node: d1009
Job ID: 4998018
========================================

GPU Info:
Wed Mar 11 14:45:03 2026       
+---------------------------------------------------------------------------------------+
| NVIDIA-SMI 545.23.08              Driver Version: 545.23.08    CUDA Version: 12.3     |
|-----------------------------------------+----------------------+----------------------+
| GPU  Name                 Persistence-M | Bus-Id        Disp.A | Volatile Uncorr. ECC |
| Fan  Temp   Perf          Pwr:Usage/Cap |         Memory-Usage | GPU-Util  Compute M. |
|                                         |                      |               MIG M. |
|=========================================+======================+======================|
|   0  Tesla V100-SXM2-32GB           On  | 00000000:18:00.0 Off |                    0 |
| N/A   43C    P0              41W / 300W |      0MiB / 32768MiB |      0%      Default |
|                                         |                      |                  N/A |
+-----------------------------------------+----------------------+----------------------+
                                                                                         
+---------------------------------------------------------------------------------------+
| Processes:                                                                            |
|  GPU   GI   CI        PID   Type   Process name                            GPU Memory |
|        ID   ID                                                             Usage      |
|=======================================================================================|
|  No running processes found                                                           |
+---------------------------------------------------------------------------------------+

Starting training...
========================================
Using device: cuda

Found 492 image-mask pairs
Found 106 image-mask pairs
Found 106 image-mask pairs

Epoch 1/50
Train Dice: 0.4420
Val Dice: 0.4159
Saved best model (Dice: 0.4159)

Epoch 2/50
Train Dice: 0.3120
Val Dice: 0.2919
Saved best model (Dice: 0.2919)

Epoch 3/50
Train Dice: 0.2856
Val Dice: 0.2668
Saved best model (Dice: 0.2668)

Epoch 4/50
Train Dice: 0.2686
Val Dice: 0.2543
Saved best model (Dice: 0.2543)

Epoch 5/50
Train Dice: 0.2544
Val Dice: 0.2429
Saved best model (Dice: 0.2429)

Epoch 6/50
Train Dice: 0.2448
Val Dice: 0.2355
Saved best model (Dice: 0.2355)

Epoch 7/50
Train Dice: 0.2328
Val Dice: 0.2137
Saved best model (Dice: 0.2137)

Epoch 8/50
Train Dice: 0.2226
Val Dice: 0.2162

Epoch 9/50
Train Dice: 0.2123
Val Dice: 0.1998
Saved best model (Dice: 0.1998)

Epoch 10/50
Train Dice: 0.2004
Val Dice: 0.1867
Saved best model (Dice: 0.1867)
Saved checkpoint at epoch 10

Epoch 11/50
Train Dice: 0.1922
Val Dice: 0.1741
Saved best model (Dice: 0.1741)

Epoch 12/50
Train Dice: 0.1821
Val Dice: 0.1702
Saved best model (Dice: 0.1702)

Epoch 13/50
Train Dice: 0.1733
Val Dice: 0.1631
Saved best model (Dice: 0.1631)

Epoch 14/50
Train Dice: 0.1650
Val Dice: 0.1523
Saved best model (Dice: 0.1523)

Epoch 15/50
Train Dice: 0.1561
Val Dice: 0.1493
Saved best model (Dice: 0.1493)

Epoch 16/50
Train Dice: 0.1497
Val Dice: 0.1385
Saved best model (Dice: 0.1385)

Epoch 17/50
Train Dice: 0.1447
Val Dice: 0.1388

Epoch 18/50
Train Dice: 0.1383
Val Dice: 0.1262
Saved best model (Dice: 0.1262)

Epoch 19/50
Train Dice: 0.1344
Val Dice: 0.1229
Saved best model (Dice: 0.1229)

Epoch 20/50
Train Dice: 0.1269
Val Dice: 0.1200
Saved best model (Dice: 0.1200)
Saved checkpoint at epoch 20

Epoch 21/50
Train Dice: 0.1216
Val Dice: 0.1107
Saved best model (Dice: 0.1107)

Epoch 22/50
Train Dice: 0.1166
Val Dice: 0.1094
Saved best model (Dice: 0.1094)

Epoch 23/50
Train Dice: 0.1122
Val Dice: 0.1021
Saved best model (Dice: 0.1021)

Epoch 24/50
Train Dice: 0.1085
Val Dice: 0.0991
Saved best model (Dice: 0.0991)

Epoch 25/50
Train Dice: 0.1049
Val Dice: 0.0973
Saved best model (Dice: 0.0973)

Epoch 26/50
Train Dice: 0.1005
Val Dice: 0.0925
Saved best model (Dice: 0.0925)

Epoch 27/50
Train Dice: 0.0962
Val Dice: 0.0866
Saved best model (Dice: 0.0866)

Epoch 28/50
Train Dice: 0.0936
Val Dice: 0.0831
Saved best model (Dice: 0.0831)

Epoch 29/50
Train Dice: 0.0905
Val Dice: 0.0830
Saved best model (Dice: 0.0830)

Epoch 30/50
Train Dice: 0.0882
Val Dice: 0.0831
Saved checkpoint at epoch 30

Epoch 31/50
Train Dice: 0.0864
Val Dice: 0.0802
Saved best model (Dice: 0.0802)

Epoch 32/50
Train Dice: 0.0829
Val Dice: 0.0751
Saved best model (Dice: 0.0751)

Epoch 33/50
Train Dice: 0.0804
Val Dice: 0.0717
Saved best model (Dice: 0.0717)

Epoch 34/50
Train Dice: 0.0778
Val Dice: 0.0707
Saved best model (Dice: 0.0707)

Epoch 35/50
Train Dice: 0.0754
Val Dice: 0.0685
Saved best model (Dice: 0.0685)

Epoch 36/50
Train Dice: 0.0748
Val Dice: 0.0689

Epoch 37/50
Train Dice: 0.0731
Val Dice: 0.0641
Saved best model (Dice: 0.0641)

Epoch 38/50
Train Dice: 0.0703
Val Dice: 0.0640
Saved best model (Dice: 0.0640)

Epoch 39/50
Train Dice: 0.0687
Val Dice: 0.0633
Saved best model (Dice: 0.0633)

Epoch 40/50
Train Dice: 0.0668
Val Dice: 0.0602
Saved best model (Dice: 0.0602)
Saved checkpoint at epoch 40

Epoch 41/50
Train Dice: 0.0656
Val Dice: 0.0610

Epoch 42/50
Train Dice: 0.0642
Val Dice: 0.0620

Epoch 43/50
Train Dice: 0.0636
Val Dice: 0.0582
Saved best model (Dice: 0.0582)

Epoch 44/50
Train Dice: 0.0620
Val Dice: 0.0561
Saved best model (Dice: 0.0561)

Epoch 45/50
Train Dice: 0.0612
Val Dice: 0.0538
Saved best model (Dice: 0.0538)

Epoch 46/50
Train Dice: 0.0592
Val Dice: 0.0549

Epoch 47/50
Train Dice: 0.0579
Val Dice: 0.0520
Saved best model (Dice: 0.0520)

Epoch 48/50
Train Dice: 0.0570
Val Dice: 0.0524

Epoch 49/50
Train Dice: 0.0572
Val Dice: 0.0517
Saved best model (Dice: 0.0517)

Epoch 50/50
Train Dice: 0.0552
Val Dice: 0.0521
Saved checkpoint at epoch 50

==================================================
Training Complete!
Best Val Dice Score: 0.0517
==================================================

========================================
Training finished at Wed Mar 11 04:10:26 PM EDT 2026
========================================
